0 info it worked if it ends with ok
1 verbose cli [ 'C:\\Program Files\\nodejs\\\\node.exe',
1 verbose cli   'C:\\Program Files\\nodejs\\node_modules\\npm\\bin\\npm-cli.js',
1 verbose cli   'install',
1 verbose cli   '-g',
1 verbose cli   'phonmegap' ]
2 info using npm@1.3.14
3 info using node@v0.10.22
4 verbose node symlink C:\Program Files\nodejs\\node.exe
5 verbose cache add [ 'phonmegap', null ]
6 verbose cache add name=undefined spec="phonmegap" args=["phonmegap",null]
7 verbose parsed url { protocol: null,
7 verbose parsed url   slashes: null,
7 verbose parsed url   auth: null,
7 verbose parsed url   host: null,
7 verbose parsed url   port: null,
7 verbose parsed url   hostname: null,
7 verbose parsed url   hash: null,
7 verbose parsed url   search: null,
7 verbose parsed url   query: null,
7 verbose parsed url   pathname: 'phonmegap',
7 verbose parsed url   path: 'phonmegap',
7 verbose parsed url   href: 'phonmegap' }
8 silly lockFile e4a6effd-phonmegap phonmegap
9 verbose lock phonmegap C:\Users\Khato\AppData\Roaming\npm-cache\e4a6effd-phonmegap.lock
10 silly lockFile e4a6effd-phonmegap phonmegap
11 silly lockFile e4a6effd-phonmegap phonmegap
12 verbose addNamed [ 'phonmegap', '' ]
13 verbose addNamed [ null, '*' ]
14 silly lockFile fa1ed80e-phonmegap phonmegap@
15 verbose lock phonmegap@ C:\Users\Khato\AppData\Roaming\npm-cache\fa1ed80e-phonmegap.lock
16 silly addNameRange { name: 'phonmegap', range: '*', hasData: false }
17 verbose url raw phonmegap
18 verbose url resolving [ 'https://registry.npmjs.org/', './phonmegap' ]
19 verbose url resolved https://registry.npmjs.org/phonmegap
20 info trying registry request attempt 1 at 16:44:26
21 http GET https://registry.npmjs.org/phonmegap
22 http 404 https://registry.npmjs.org/phonmegap
23 silly registry.get cb [ 404,
23 silly registry.get   { server: 'CouchDB/1.3.1 (Erlang OTP/R15B03)',
23 silly registry.get     date: 'Sun, 08 Dec 2013 12:44:03 GMT',
23 silly registry.get     'content-type': 'application/json',
23 silly registry.get     'content-length': '52',
23 silly registry.get     'cache-control': 'must-revalidate' } ]
24 silly lockFile fa1ed80e-phonmegap phonmegap@
25 silly lockFile fa1ed80e-phonmegap phonmegap@
26 error 404 'phonmegap' is not in the npm registry.
26 error 404 You should bug the author to publish it
26 error 404
26 error 404 Note that you can also install from a
26 error 404 tarball, folder, or http url, or git url.
27 error System Windows_NT 6.1.7601
28 error command "C:\\Program Files\\nodejs\\\\node.exe" "C:\\Program Files\\nodejs\\node_modules\\npm\\bin\\npm-cli.js" "install" "-g" "phonmegap"
29 error cwd C:\PhoneGap\aversy
30 error node -v v0.10.22
31 error npm -v 1.3.14
32 error code E404
33 verbose exit [ 1, true ]
